Using pre-set license
Built from '2021.1/release' branch; Version is '2021.1.1f1 (6fdc41dfa55a) revision 7330881'; Using compiler version '192528614'; Build Type 'Release'
OS: 'Windows 10 Home Single Language; OS build 18363.1440; Version 1909; 64bit' Language: 'en' Physical Memory: 8079 MB
BatchMode: 1, IsHumanControllingUs: 0, StartBugReporterOnCrash: 0, Is64bit: 1, IsPro: 0

 COMMAND LINE ARGUMENTS:
C:\Program Files\Unity\Editor\Data\PlaybackEngines\AndroidPlayer\OpenJDK\2021.1.1f1\Editor\Unity.exe
-adb2
-batchMode
-noUpm
-name
AssetImportWorker12
-projectPath
C:/Users/JALADANKI PRAJWAL/Desktop/game dev/FPP&TPP/FPP&TPP
-logFile
Logs/AssetImportWorker12.log
-srvPort
58123
Successfully changed project path to: C:/Users/JALADANKI PRAJWAL/Desktop/game dev/FPP&TPP/FPP&TPP
C:/Users/JALADANKI PRAJWAL/Desktop/game dev/FPP&TPP/FPP&TPP
Using Asset Import Pipeline V2.
Refreshing native plugins compatible for Editor in 127.56 ms, found 1 plugins.
Preloading 0 native plugins for Editor in 0.00 ms.
Initialize engine version: 2021.1.1f1 (6fdc41dfa55a)
[Subsystems] Discovering subsystems at path C:/Program Files/Unity/Editor/Data/PlaybackEngines/AndroidPlayer/OpenJDK/2021.1.1f1/Editor/Data/Resources/UnitySubsystems
[Subsystems] Discovering subsystems at path C:/Users/JALADANKI PRAJWAL/Desktop/game dev/FPP&TPP/FPP&TPP/Assets
GfxDevice: creating device client; threaded=0; jobified=0
Direct3D:
    Version:  Direct3D 11.0 [level 11.0]
    Renderer: NVIDIA GeForce MX130 (ID=0x174d)
    Vendor:   NVIDIA
    VRAM:     2010 MB
    Driver:   27.21.14.5763
Initialize mono
Mono path[0] = 'C:/Program Files/Unity/Editor/Data/PlaybackEngines/AndroidPlayer/OpenJDK/2021.1.1f1/Editor/Data/Managed'
Mono path[1] = 'C:/Program Files/Unity/Editor/Data/PlaybackEngines/AndroidPlayer/OpenJDK/2021.1.1f1/Editor/Data/MonoBleedingEdge/lib/mono/unityjit'
Mono config path = 'C:/Program Files/Unity/Editor/Data/PlaybackEngines/AndroidPlayer/OpenJDK/2021.1.1f1/Editor/Data/MonoBleedingEdge/etc'
Using monoOptions --debugger-agent=transport=dt_socket,embedding=1,server=y,suspend=n,address=127.0.0.1:56736
Begin MonoManager ReloadAssembly
